<?xml version="1.0" encoding="UTF-8"?>
<!-- Generated by org.testng.reporters.JUnitReportReporter -->
<testsuite skipped="0" hostname="DESKTOP-U182U9O" name="com.google.qa.com.google.VerifyLoginPage" tests="1" failures="0" timestamp="16 Dec 2018 19:57:09 GMT" time="11.977" errors="0">
  <testcase name="verifyLogin" time="11.977" classname="com.google.qa.com.google.VerifyLoginPage"/>
</testsuite> <!-- com.google.qa.com.google.VerifyLoginPage -->
